Hmm ... looks like a package
Converting parsed Rd's to LaTeX ..
Creating pdf output from LaTeX ...

This is pdfTeX, Version 3.141592653-2.6-1.40.26 (TeX Live 2024) (preloaded format=pdflatex)
 restricted \write18 enabled.
entering extended mode
LaTeX2e <2023-11-01> patch level 1
L3 programming layer <2024-02-20>
(./Rd2.tex
(/usr/local/texlive/2024/texmf-dist/tex/latex/base/book.cls
Document Class: book 2023/05/17 v1.4n Standard LaTeX document class
(/usr/local/texlive/2024/texmf-dist/tex/latex/base/bk10.clo))
(/Library/Frameworks/R.framework/Resources/share/texmf/tex/latex/Rd.sty
(/usr/local/texlive/2024/texmf-dist/tex/latex/base/ifthen.sty)
(/usr/local/texlive/2024/texmf-dist/tex/generic/iftex/iftex.sty)
(/usr/local/texlive/2024/texmf-dist/tex/latex/tools/longtable.sty)
(/usr/local/texlive/2024/texmf-dist/tex/latex/tools/bm.sty)
(/usr/local/texlive/2024/texmf-dist/tex/latex/base/alltt.sty)
(/usr/local/texlive/2024/texmf-dist/tex/latex/tools/verbatim.sty)
(/usr/local/texlive/2024/texmf-dist/tex/latex/url/url.sty)
(/usr/local/texlive/2024/texmf-dist/tex/latex/base/textcomp.sty)
(/usr/local/texlive/2024/texmf-dist/tex/latex/amsmath/amsmath.sty
For additional information on amsmath, use the `?' option.
(/usr/local/texlive/2024/texmf-dist/tex/latex/amsmath/amstext.sty
(/usr/local/texlive/2024/texmf-dist/tex/latex/amsmath/amsgen.sty))
(/usr/local/texlive/2024/texmf-dist/tex/latex/amsmath/amsbsy.sty)
(/usr/local/texlive/2024/texmf-dist/tex/latex/amsmath/amsopn.sty))
(/usr/local/texlive/2024/texmf-dist/tex/latex/amsfonts/amsfonts.sty)
(/usr/local/texlive/2024/texmf-dist/tex/latex/amsfonts/amssymb.sty)
(/usr/local/texlive/2024/texmf-dist/tex/latex/jknapltx/mathrsfs.sty)
(/usr/local/texlive/2024/texmf-dist/tex/latex/base/fontenc.sty)
(/usr/local/texlive/2024/texmf-dist/tex/latex/psnfss/times.sty)
(/usr/local/texlive/2024/texmf-dist/tex/latex/inconsolata/zi4.sty
`inconsolata-zi4' v1.12, 2019/05/17 Text macros for Inconsolata (msharpe)
(/usr/local/texlive/2024/texmf-dist/tex/latex/xkeyval/xkeyval.sty
(/usr/local/texlive/2024/texmf-dist/tex/generic/xkeyval/xkeyval.tex
(/usr/local/texlive/2024/texmf-dist/tex/generic/xkeyval/xkvutils.tex
(/usr/local/texlive/2024/texmf-dist/tex/generic/xkeyval/keyval.tex)))))
(/usr/local/texlive/2024/texmf-dist/tex/latex/graphics/color.sty
(/usr/local/texlive/2024/texmf-dist/tex/latex/graphics-cfg/color.cfg)
(/usr/local/texlive/2024/texmf-dist/tex/latex/graphics-def/pdftex.def)
(/usr/local/texlive/2024/texmf-dist/tex/latex/graphics/mathcolor.ltx))
(/usr/local/texlive/2024/texmf-dist/tex/latex/hyperref/hyperref.sty
(/usr/local/texlive/2024/texmf-dist/tex/latex/kvsetkeys/kvsetkeys.sty)
(/usr/local/texlive/2024/texmf-dist/tex/generic/kvdefinekeys/kvdefinekeys.sty)
(/usr/local/texlive/2024/texmf-dist/tex/generic/pdfescape/pdfescape.sty
(/usr/local/texlive/2024/texmf-dist/tex/generic/ltxcmds/ltxcmds.sty)
(/usr/local/texlive/2024/texmf-dist/tex/generic/pdftexcmds/pdftexcmds.sty
(/usr/local/texlive/2024/texmf-dist/tex/generic/infwarerr/infwarerr.sty)))
(/usr/local/texlive/2024/texmf-dist/tex/latex/hycolor/hycolor.sty)
(/usr/local/texlive/2024/texmf-dist/tex/latex/auxhook/auxhook.sty)
(/usr/local/texlive/2024/texmf-dist/tex/latex/hyperref/nameref.sty
(/usr/local/texlive/2024/texmf-dist/tex/latex/refcount/refcount.sty)
(/usr/local/texlive/2024/texmf-dist/tex/generic/gettitlestring/gettitlestring.s
ty (/usr/local/texlive/2024/texmf-dist/tex/latex/kvoptions/kvoptions.sty)))
(/usr/local/texlive/2024/texmf-dist/tex/latex/etoolbox/etoolbox.sty)
(/usr/local/texlive/2024/texmf-dist/tex/latex/hyperref/pd1enc.def)
(/usr/local/texlive/2024/texmf-dist/tex/generic/intcalc/intcalc.sty)
(/usr/local/texlive/2024/texmf-dist/tex/latex/hyperref/puenc.def)
(/usr/local/texlive/2024/texmf-dist/tex/generic/bitset/bitset.sty
(/usr/local/texlive/2024/texmf-dist/tex/generic/bigintcalc/bigintcalc.sty))
(/usr/local/texlive/2024/texmf-dist/tex/latex/base/atbegshi-ltx.sty))
(/usr/local/texlive/2024/texmf-dist/tex/latex/hyperref/hpdftex.def
(/usr/local/texlive/2024/texmf-dist/tex/latex/base/atveryend-ltx.sty)
(/usr/local/texlive/2024/texmf-dist/tex/latex/rerunfilecheck/rerunfilecheck.sty

(/usr/local/texlive/2024/texmf-dist/tex/generic/uniquecounter/uniquecounter.sty
)))) (/usr/local/texlive/2024/texmf-dist/tex/latex/base/makeidx.sty)
Writing index file Rd2.idx
(/usr/local/texlive/2024/texmf-dist/tex/latex/psnfss/t1ptm.fd)
(/usr/local/texlive/2024/texmf-dist/tex/latex/l3backend/l3backend-pdftex.def)
No file Rd2.aux.
(/usr/local/texlive/2024/texmf-dist/tex/context/base/mkii/supp-pdf.mkii
[Loading MPS to PDF converter (version 2006.09.02).]
) (/usr/local/texlive/2024/texmf-dist/tex/latex/psnfss/ts1ptm.fd)
(/usr/local/texlive/2024/texmf-dist/tex/latex/inconsolata/t1zi4.fd)
(/usr/local/texlive/2024/texmf-dist/tex/latex/amsfonts/umsa.fd)
(/usr/local/texlive/2024/texmf-dist/tex/latex/amsfonts/umsb.fd)
(/usr/local/texlive/2024/texmf-dist/tex/latex/jknapltx/ursfs.fd)
No file Rd2.toc.
[1{/usr/local/texlive/2024/texmf-var/fonts/map/pdftex/updmap/pdftex.map}{/usr/l
ocal/texlive/2024/texmf-dist/fonts/enc/dvips/base/8r.enc}{/usr/local/texlive/20
24/texmf-dist/fonts/enc/dvips/inconsolata/i4-t1-0.enc}] [2] [3] [4]
Overfull \hbox (20.33891pt too wide) in paragraph at lines 256--258
[]\T1/zi4/m/n/10 realized[]\T1/ptm/m/n/10 : []\T1/zi4/m/n/10 rmse_factor []\T1/
ptm/m/n/10 (di-men-sion-less, per sigma), []\T1/zi4/m/n/10 rmse[]\T1/ptm/m/n/10
 , and con-ser-va-tive []\T1/zi4/m/n/10 rmse_upper_factor[]\T1/ptm/m/n/10 ,

Overfull \hbox (14.18091pt too wide) in paragraph at lines 260--263
[]\T1/zi4/m/n/10 v_star[]\T1/ptm/m/n/10 , []\T1/zi4/m/n/10 rmse_exante[]\T1/ptm
/m/n/10 , []\T1/zi4/m/n/10 expected_M_accepted[]\T1/ptm/m/n/10 , and []\T1/zi4/
m/n/10 expected_draws_per_accept = 1/q_star[]\T1/ptm/m/n/10 . 
[5] [6] [7]
Overfull \hbox (34.75021pt too wide) in paragraph at lines 397--397
 []  \T1/zi4/m/n/10 metric = c("euclidean", "sqeuclidean", "manhattan", "chebys
hev", "cosine", "minkowski",[] 

Overfull \hbox (35.26857pt too wide) in paragraph at lines 432--435
[]\T1/ptm/m/n/10 Optional in-verse co-vari-ance ma-trix (p x p) for Ma-ha-lanob
is (ig-nored if []\T1/zi4/m/n/10 approximate_inv
[8]
Overfull \hbox (54.00911pt too wide) in paragraph at lines 455--457
[]\T1/ptm/m/n/10 Character; conda en-vi-ron-ment name used by []\T1/zi4/m/n/10 
reticulate[]\T1/ptm/m/n/10 . De-fault []\T1/zi4/m/n/10 "fastrerandomize_env"[]\
T1/ptm/m/n/10 . 
(/usr/local/texlive/2024/texmf-dist/tex/latex/inconsolata/ts1zi4.fd) [9{/usr/lo
cal/texlive/2024/texmf-dist/fonts/enc/dvips/inconsolata/i4-ts1.enc}] [10]
Overfull \hbox (5.52805pt too wide) in paragraph at lines 597--598
[]\T1/ptm/m/n/10 A string spec-i-fy-ing the type of ran-dom-iza-tion: ei-ther [
]\T1/zi4/m/n/10 "exact" []\T1/ptm/m/n/10 or []\T1/zi4/m/n/10 "monte_carlo"[]\T1
/ptm/m/n/10 . 
[11]
Overfull \hbox (19.49974pt too wide) in paragraph at lines 647--649
[][][]\T1/zi4/m/n/10 generate_randomizations_exact[][][] []\T1/ptm/m/n/10 for t
he ex-act enu-mer-a-tion method. [][][]\T1/zi4/m/n/10 generate_randomizations_m
c[][][]
[12] [13]
Overfull \hbox (0.97838pt too wide) in paragraph at lines 724--727
\T1/ptm/m/n/10 fault is []\T1/zi4/m/n/10 VectorizedFastHotel2T2 []\T1/ptm/m/n/1
0 which com-putes Hotelling's T-squared statis-

Overfull \hbox (23.53925pt too wide) in paragraph at lines 768--770
[][][]\T1/zi4/m/n/10 generate_randomizations[][][] []\T1/ptm/m/n/10 for full ra
n-dom-iza-tion gen-er-a-tion func-tion. [][][]\T1/zi4/m/n/10 generate_randomiza
tions_mc[][][]
[14]
Overfull \hbox (0.91652pt too wide) in paragraph at lines 794--797
[]\T1/ptm/m/n/10 This func-tion per-forms sam-pling with re-place-ment to gen-e
r-ate ran-dom-iza-tions in a memory-efficient
[15]
Overfull \hbox (38.53925pt too wide) in paragraph at lines 872--874
[][][]\T1/zi4/m/n/10 generate_randomizations[][][] []\T1/ptm/m/n/10 for full ra
n-dom-iza-tion gen-er-a-tion func-tion. [][][]\T1/zi4/m/n/10 generate_randomiza
tions_exact[][][]
[16] [17] [18] [19] [20] [21]
Overfull \hbox (1.14697pt too wide) in paragraph at lines 1204--1205
[]\T1/ptm/m/n/10 A log-i-cal value in-di-cat-ing whether to find the fidu-cial 
in-ter-val. De-fault is FALSE. 
[22] [23] [24]
No file Rd2.ind.
[25]
(/private/var/folders/gv/l5wlstr55gl_g0pgx6k47z9m0000gn/T/RtmpN4ux7w/Rd2pdfc086
1609c8e7/Rd2.aux)

Package rerunfilecheck Warning: File `Rd2.out' has changed.
(rerunfilecheck)                Rerun to get outlines right
(rerunfilecheck)                or use package `bookmark'.

 )
(see the transcript file for additional information)
pdfTeX warning (dest): name{Rfn.plot} has been referenced but does not exist, r
eplaced by a fixed one


pdfTeX warning (dest): name{Rfn.dist} has been referenced but does not exist, r
eplaced by a fixed one

</usr/local/texlive/2024/texmf-dist/fonts/type1/public/inconsolata/Inconsolata-
zi4r.pfb></usr/local/texlive/2024/texmf-dist/fonts/type1/public/amsfonts/cm/cme
x10.pfb></usr/local/texlive/2024/texmf-dist/fonts/type1/public/amsfonts/cm/cmmi
10.pfb></usr/local/texlive/2024/texmf-dist/fonts/type1/public/amsfonts/cm/cmmi5
.pfb></usr/local/texlive/2024/texmf-dist/fonts/type1/public/amsfonts/cm/cmmi7.p
fb></usr/local/texlive/2024/texmf-dist/fonts/type1/public/amsfonts/cm/cmr10.pfb
></usr/local/texlive/2024/texmf-dist/fonts/type1/public/amsfonts/cm/cmr7.pfb></
usr/local/texlive/2024/texmf-dist/fonts/type1/public/amsfonts/cm/cmsy10.pfb></u
sr/local/texlive/2024/texmf-dist/fonts/type1/public/amsfonts/cm/cmsy7.pfb></usr
/local/texlive/2024/texmf-dist/fonts/type1/public/amsfonts/symbols/msbm10.pfb><
/usr/local/texlive/2024/texmf-dist/fonts/type1/urw/times/utmb8a.pfb></usr/local
/texlive/2024/texmf-dist/fonts/type1/urw/times/utmr8a.pfb></usr/local/texlive/2
024/texmf-dist/fonts/type1/urw/times/utmr8a.pfb></usr/local/texlive/2024/texmf-
dist/fonts/type1/urw/times/utmri8a.pfb>
Output written on Rd2.pdf (25 pages, 218289 bytes).
Transcript written on Rd2.log.
This is makeindex, version 2.17 [TeX Live 2024] (kpathsea + Thai support).
Scanning input file Rd2.idx....done (38 entries accepted, 0 rejected).
Sorting entries....done (195 comparisons).
Generating output file Rd2.ind....done (71 lines written, 0 warnings).
Output written in Rd2.ind.
Transcript written in Rd2.ilg.
This is pdfTeX, Version 3.141592653-2.6-1.40.26 (TeX Live 2024) (preloaded format=pdflatex)
 restricted \write18 enabled.
entering extended mode
LaTeX2e <2023-11-01> patch level 1
L3 programming layer <2024-02-20>
(./Rd2.tex
(/usr/local/texlive/2024/texmf-dist/tex/latex/base/book.cls
Document Class: book 2023/05/17 v1.4n Standard LaTeX document class
(/usr/local/texlive/2024/texmf-dist/tex/latex/base/bk10.clo))
(/Library/Frameworks/R.framework/Resources/share/texmf/tex/latex/Rd.sty
(/usr/local/texlive/2024/texmf-dist/tex/latex/base/ifthen.sty)
(/usr/local/texlive/2024/texmf-dist/tex/generic/iftex/iftex.sty)
(/usr/local/texlive/2024/texmf-dist/tex/latex/tools/longtable.sty)
(/usr/local/texlive/2024/texmf-dist/tex/latex/tools/bm.sty)
(/usr/local/texlive/2024/texmf-dist/tex/latex/base/alltt.sty)
(/usr/local/texlive/2024/texmf-dist/tex/latex/tools/verbatim.sty)
(/usr/local/texlive/2024/texmf-dist/tex/latex/url/url.sty)
(/usr/local/texlive/2024/texmf-dist/tex/latex/base/textcomp.sty)
(/usr/local/texlive/2024/texmf-dist/tex/latex/amsmath/amsmath.sty
For additional information on amsmath, use the `?' option.
(/usr/local/texlive/2024/texmf-dist/tex/latex/amsmath/amstext.sty
(/usr/local/texlive/2024/texmf-dist/tex/latex/amsmath/amsgen.sty))
(/usr/local/texlive/2024/texmf-dist/tex/latex/amsmath/amsbsy.sty)
(/usr/local/texlive/2024/texmf-dist/tex/latex/amsmath/amsopn.sty))
(/usr/local/texlive/2024/texmf-dist/tex/latex/amsfonts/amsfonts.sty)
(/usr/local/texlive/2024/texmf-dist/tex/latex/amsfonts/amssymb.sty)
(/usr/local/texlive/2024/texmf-dist/tex/latex/jknapltx/mathrsfs.sty)
(/usr/local/texlive/2024/texmf-dist/tex/latex/base/fontenc.sty)
(/usr/local/texlive/2024/texmf-dist/tex/latex/psnfss/times.sty)
(/usr/local/texlive/2024/texmf-dist/tex/latex/inconsolata/zi4.sty
`inconsolata-zi4' v1.12, 2019/05/17 Text macros for Inconsolata (msharpe)
(/usr/local/texlive/2024/texmf-dist/tex/latex/xkeyval/xkeyval.sty
(/usr/local/texlive/2024/texmf-dist/tex/generic/xkeyval/xkeyval.tex
(/usr/local/texlive/2024/texmf-dist/tex/generic/xkeyval/xkvutils.tex
(/usr/local/texlive/2024/texmf-dist/tex/generic/xkeyval/keyval.tex)))))
(/usr/local/texlive/2024/texmf-dist/tex/latex/graphics/color.sty
(/usr/local/texlive/2024/texmf-dist/tex/latex/graphics-cfg/color.cfg)
(/usr/local/texlive/2024/texmf-dist/tex/latex/graphics-def/pdftex.def)
(/usr/local/texlive/2024/texmf-dist/tex/latex/graphics/mathcolor.ltx))
(/usr/local/texlive/2024/texmf-dist/tex/latex/hyperref/hyperref.sty
(/usr/local/texlive/2024/texmf-dist/tex/latex/kvsetkeys/kvsetkeys.sty)
(/usr/local/texlive/2024/texmf-dist/tex/generic/kvdefinekeys/kvdefinekeys.sty)
(/usr/local/texlive/2024/texmf-dist/tex/generic/pdfescape/pdfescape.sty
(/usr/local/texlive/2024/texmf-dist/tex/generic/ltxcmds/ltxcmds.sty)
(/usr/local/texlive/2024/texmf-dist/tex/generic/pdftexcmds/pdftexcmds.sty
(/usr/local/texlive/2024/texmf-dist/tex/generic/infwarerr/infwarerr.sty)))
(/usr/local/texlive/2024/texmf-dist/tex/latex/hycolor/hycolor.sty)
(/usr/local/texlive/2024/texmf-dist/tex/latex/auxhook/auxhook.sty)
(/usr/local/texlive/2024/texmf-dist/tex/latex/hyperref/nameref.sty
(/usr/local/texlive/2024/texmf-dist/tex/latex/refcount/refcount.sty)
(/usr/local/texlive/2024/texmf-dist/tex/generic/gettitlestring/gettitlestring.s
ty (/usr/local/texlive/2024/texmf-dist/tex/latex/kvoptions/kvoptions.sty)))
(/usr/local/texlive/2024/texmf-dist/tex/latex/etoolbox/etoolbox.sty)
(/usr/local/texlive/2024/texmf-dist/tex/latex/hyperref/pd1enc.def)
(/usr/local/texlive/2024/texmf-dist/tex/generic/intcalc/intcalc.sty)
(/usr/local/texlive/2024/texmf-dist/tex/latex/hyperref/puenc.def)
(/usr/local/texlive/2024/texmf-dist/tex/generic/bitset/bitset.sty
(/usr/local/texlive/2024/texmf-dist/tex/generic/bigintcalc/bigintcalc.sty))
(/usr/local/texlive/2024/texmf-dist/tex/latex/base/atbegshi-ltx.sty))
(/usr/local/texlive/2024/texmf-dist/tex/latex/hyperref/hpdftex.def
(/usr/local/texlive/2024/texmf-dist/tex/latex/base/atveryend-ltx.sty)
(/usr/local/texlive/2024/texmf-dist/tex/latex/rerunfilecheck/rerunfilecheck.sty

(/usr/local/texlive/2024/texmf-dist/tex/generic/uniquecounter/uniquecounter.sty
)))) (/usr/local/texlive/2024/texmf-dist/tex/latex/base/makeidx.sty)
Writing index file Rd2.idx
(/usr/local/texlive/2024/texmf-dist/tex/latex/psnfss/t1ptm.fd)
(/usr/local/texlive/2024/texmf-dist/tex/latex/l3backend/l3backend-pdftex.def)
(/private/var/folders/gv/l5wlstr55gl_g0pgx6k47z9m0000gn/T/RtmpN4ux7w/Rd2pdfc086
1609c8e7/Rd2.aux)
(/usr/local/texlive/2024/texmf-dist/tex/context/base/mkii/supp-pdf.mkii
[Loading MPS to PDF converter (version 2006.09.02).]
)
(/private/var/folders/gv/l5wlstr55gl_g0pgx6k47z9m0000gn/T/RtmpN4ux7w/Rd2pdfc086
1609c8e7/Rd2.out)
(/private/var/folders/gv/l5wlstr55gl_g0pgx6k47z9m0000gn/T/RtmpN4ux7w/Rd2pdfc086
1609c8e7/Rd2.out)
(/usr/local/texlive/2024/texmf-dist/tex/latex/psnfss/ts1ptm.fd)
(/usr/local/texlive/2024/texmf-dist/tex/latex/inconsolata/t1zi4.fd)
(/usr/local/texlive/2024/texmf-dist/tex/latex/amsfonts/umsa.fd)
(/usr/local/texlive/2024/texmf-dist/tex/latex/amsfonts/umsb.fd)
(/usr/local/texlive/2024/texmf-dist/tex/latex/jknapltx/ursfs.fd)
(/private/var/folders/gv/l5wlstr55gl_g0pgx6k47z9m0000gn/T/RtmpN4ux7w/Rd2pdfc086
1609c8e7/Rd2.toc [1{/usr/local/texlive/2024/texmf-var/fonts/map/pdftex/updmap/p
dftex.map}{/usr/local/texlive/2024/texmf-dist/fonts/enc/dvips/base/8r.enc}{/usr
/local/texlive/2024/texmf-dist/fonts/enc/dvips/inconsolata/i4-t1-0.enc}])
[2] [3] [4] [5]
Overfull \hbox (20.33891pt too wide) in paragraph at lines 256--258
[]\T1/zi4/m/n/10 realized[]\T1/ptm/m/n/10 : []\T1/zi4/m/n/10 rmse_factor []\T1/
ptm/m/n/10 (di-men-sion-less, per sigma), []\T1/zi4/m/n/10 rmse[]\T1/ptm/m/n/10
 , and con-ser-va-tive []\T1/zi4/m/n/10 rmse_upper_factor[]\T1/ptm/m/n/10 ,

Overfull \hbox (14.18091pt too wide) in paragraph at lines 260--263
[]\T1/zi4/m/n/10 v_star[]\T1/ptm/m/n/10 , []\T1/zi4/m/n/10 rmse_exante[]\T1/ptm
/m/n/10 , []\T1/zi4/m/n/10 expected_M_accepted[]\T1/ptm/m/n/10 , and []\T1/zi4/
m/n/10 expected_draws_per_accept = 1/q_star[]\T1/ptm/m/n/10 . 
[6] [7]
Overfull \hbox (34.75021pt too wide) in paragraph at lines 397--397
 []  \T1/zi4/m/n/10 metric = c("euclidean", "sqeuclidean", "manhattan", "chebys
hev", "cosine", "minkowski",[] 

Overfull \hbox (35.26857pt too wide) in paragraph at lines 432--435
[]\T1/ptm/m/n/10 Optional in-verse co-vari-ance ma-trix (p x p) for Ma-ha-lanob
is (ig-nored if []\T1/zi4/m/n/10 approximate_inv
[8]
Overfull \hbox (54.00911pt too wide) in paragraph at lines 455--457
[]\T1/ptm/m/n/10 Character; conda en-vi-ron-ment name used by []\T1/zi4/m/n/10 
reticulate[]\T1/ptm/m/n/10 . De-fault []\T1/zi4/m/n/10 "fastrerandomize_env"[]\
T1/ptm/m/n/10 . 
[9] (/usr/local/texlive/2024/texmf-dist/tex/latex/inconsolata/ts1zi4.fd)
[10{/usr/local/texlive/2024/texmf-dist/fonts/enc/dvips/inconsolata/i4-ts1.enc}]

Overfull \hbox (5.52805pt too wide) in paragraph at lines 597--598
[]\T1/ptm/m/n/10 A string spec-i-fy-ing the type of ran-dom-iza-tion: ei-ther [
]\T1/zi4/m/n/10 "exact" []\T1/ptm/m/n/10 or []\T1/zi4/m/n/10 "monte_carlo"[]\T1
/ptm/m/n/10 . 
[11]
Overfull \hbox (19.49974pt too wide) in paragraph at lines 647--649
[][][]\T1/zi4/m/n/10 generate_randomizations_exact[][][] []\T1/ptm/m/n/10 for t
he ex-act enu-mer-a-tion method. [][][]\T1/zi4/m/n/10 generate_randomizations_m
c[][][]
[12] [13]
Overfull \hbox (0.97838pt too wide) in paragraph at lines 724--727
\T1/ptm/m/n/10 fault is []\T1/zi4/m/n/10 VectorizedFastHotel2T2 []\T1/ptm/m/n/1
0 which com-putes Hotelling's T-squared statis-

Overfull \hbox (23.53925pt too wide) in paragraph at lines 768--770
[][][]\T1/zi4/m/n/10 generate_randomizations[][][] []\T1/ptm/m/n/10 for full ra
n-dom-iza-tion gen-er-a-tion func-tion. [][][]\T1/zi4/m/n/10 generate_randomiza
tions_mc[][][]
[14]
Overfull \hbox (0.91652pt too wide) in paragraph at lines 794--797
[]\T1/ptm/m/n/10 This func-tion per-forms sam-pling with re-place-ment to gen-e
r-ate ran-dom-iza-tions in a memory-efficient
[15]
Overfull \hbox (38.53925pt too wide) in paragraph at lines 872--874
[][][]\T1/zi4/m/n/10 generate_randomizations[][][] []\T1/ptm/m/n/10 for full ra
n-dom-iza-tion gen-er-a-tion func-tion. [][][]\T1/zi4/m/n/10 generate_randomiza
tions_exact[][][]
[16] [17] [18] [19] [20] [21]
Overfull \hbox (1.14697pt too wide) in paragraph at lines 1204--1205
[]\T1/ptm/m/n/10 A log-i-cal value in-di-cat-ing whether to find the fidu-cial 
in-ter-val. De-fault is FALSE. 
[22] [23] [24]
(/private/var/folders/gv/l5wlstr55gl_g0pgx6k47z9m0000gn/T/RtmpN4ux7w/Rd2pdfc086
1609c8e7/Rd2.ind [25]
Overfull \hbox (3.3567pt too wide) in paragraph at lines 63--65
[]\T1/zi4/m/n/10 summary.fastrerandomize_randomizations\T1/ptm/m/n/10 , 
[26])
(/private/var/folders/gv/l5wlstr55gl_g0pgx6k47z9m0000gn/T/RtmpN4ux7w/Rd2pdfc086
1609c8e7/Rd2.aux)

Package rerunfilecheck Warning: File `Rd2.out' has changed.
(rerunfilecheck)                Rerun to get outlines right
(rerunfilecheck)                or use package `bookmark'.

 )
(see the transcript file for additional information)
pdfTeX warning (dest): name{Rfn.plot} has been referenced but does not exist, r
eplaced by a fixed one


pdfTeX warning (dest): name{Rfn.dist} has been referenced but does not exist, r
eplaced by a fixed one

</usr/local/texlive/2024/texmf-dist/fonts/type1/public/inconsolata/Inconsolata-
zi4r.pfb></usr/local/texlive/2024/texmf-dist/fonts/type1/public/amsfonts/cm/cme
x10.pfb></usr/local/texlive/2024/texmf-dist/fonts/type1/public/amsfonts/cm/cmmi
10.pfb></usr/local/texlive/2024/texmf-dist/fonts/type1/public/amsfonts/cm/cmmi5
.pfb></usr/local/texlive/2024/texmf-dist/fonts/type1/public/amsfonts/cm/cmmi7.p
fb></usr/local/texlive/2024/texmf-dist/fonts/type1/public/amsfonts/cm/cmr10.pfb
></usr/local/texlive/2024/texmf-dist/fonts/type1/public/amsfonts/cm/cmr7.pfb></
usr/local/texlive/2024/texmf-dist/fonts/type1/public/amsfonts/cm/cmsy10.pfb></u
sr/local/texlive/2024/texmf-dist/fonts/type1/public/amsfonts/cm/cmsy7.pfb></usr
/local/texlive/2024/texmf-dist/fonts/type1/public/amsfonts/symbols/msbm10.pfb><
/usr/local/texlive/2024/texmf-dist/fonts/type1/urw/times/utmb8a.pfb></usr/local
/texlive/2024/texmf-dist/fonts/type1/urw/times/utmr8a.pfb></usr/local/texlive/2
024/texmf-dist/fonts/type1/urw/times/utmr8a.pfb></usr/local/texlive/2024/texmf-
dist/fonts/type1/urw/times/utmri8a.pfb>
Output written on Rd2.pdf (26 pages, 224040 bytes).
Transcript written on Rd2.log.
This is makeindex, version 2.17 [TeX Live 2024] (kpathsea + Thai support).
Scanning input file Rd2.idx....done (38 entries accepted, 0 rejected).
Sorting entries....done (195 comparisons).
Generating output file Rd2.ind....done (71 lines written, 0 warnings).
Output written in Rd2.ind.
Transcript written in Rd2.ilg.
This is pdfTeX, Version 3.141592653-2.6-1.40.26 (TeX Live 2024) (preloaded format=pdflatex)
 restricted \write18 enabled.
entering extended mode
LaTeX2e <2023-11-01> patch level 1
L3 programming layer <2024-02-20>
(./Rd2.tex
(/usr/local/texlive/2024/texmf-dist/tex/latex/base/book.cls
Document Class: book 2023/05/17 v1.4n Standard LaTeX document class
(/usr/local/texlive/2024/texmf-dist/tex/latex/base/bk10.clo))
(/Library/Frameworks/R.framework/Resources/share/texmf/tex/latex/Rd.sty
(/usr/local/texlive/2024/texmf-dist/tex/latex/base/ifthen.sty)
(/usr/local/texlive/2024/texmf-dist/tex/generic/iftex/iftex.sty)
(/usr/local/texlive/2024/texmf-dist/tex/latex/tools/longtable.sty)
(/usr/local/texlive/2024/texmf-dist/tex/latex/tools/bm.sty)
(/usr/local/texlive/2024/texmf-dist/tex/latex/base/alltt.sty)
(/usr/local/texlive/2024/texmf-dist/tex/latex/tools/verbatim.sty)
(/usr/local/texlive/2024/texmf-dist/tex/latex/url/url.sty)
(/usr/local/texlive/2024/texmf-dist/tex/latex/base/textcomp.sty)
(/usr/local/texlive/2024/texmf-dist/tex/latex/amsmath/amsmath.sty
For additional information on amsmath, use the `?' option.
(/usr/local/texlive/2024/texmf-dist/tex/latex/amsmath/amstext.sty
(/usr/local/texlive/2024/texmf-dist/tex/latex/amsmath/amsgen.sty))
(/usr/local/texlive/2024/texmf-dist/tex/latex/amsmath/amsbsy.sty)
(/usr/local/texlive/2024/texmf-dist/tex/latex/amsmath/amsopn.sty))
(/usr/local/texlive/2024/texmf-dist/tex/latex/amsfonts/amsfonts.sty)
(/usr/local/texlive/2024/texmf-dist/tex/latex/amsfonts/amssymb.sty)
(/usr/local/texlive/2024/texmf-dist/tex/latex/jknapltx/mathrsfs.sty)
(/usr/local/texlive/2024/texmf-dist/tex/latex/base/fontenc.sty)
(/usr/local/texlive/2024/texmf-dist/tex/latex/psnfss/times.sty)
(/usr/local/texlive/2024/texmf-dist/tex/latex/inconsolata/zi4.sty
`inconsolata-zi4' v1.12, 2019/05/17 Text macros for Inconsolata (msharpe)
(/usr/local/texlive/2024/texmf-dist/tex/latex/xkeyval/xkeyval.sty
(/usr/local/texlive/2024/texmf-dist/tex/generic/xkeyval/xkeyval.tex
(/usr/local/texlive/2024/texmf-dist/tex/generic/xkeyval/xkvutils.tex
(/usr/local/texlive/2024/texmf-dist/tex/generic/xkeyval/keyval.tex)))))
(/usr/local/texlive/2024/texmf-dist/tex/latex/graphics/color.sty
(/usr/local/texlive/2024/texmf-dist/tex/latex/graphics-cfg/color.cfg)
(/usr/local/texlive/2024/texmf-dist/tex/latex/graphics-def/pdftex.def)
(/usr/local/texlive/2024/texmf-dist/tex/latex/graphics/mathcolor.ltx))
(/usr/local/texlive/2024/texmf-dist/tex/latex/hyperref/hyperref.sty
(/usr/local/texlive/2024/texmf-dist/tex/latex/kvsetkeys/kvsetkeys.sty)
(/usr/local/texlive/2024/texmf-dist/tex/generic/kvdefinekeys/kvdefinekeys.sty)
(/usr/local/texlive/2024/texmf-dist/tex/generic/pdfescape/pdfescape.sty
(/usr/local/texlive/2024/texmf-dist/tex/generic/ltxcmds/ltxcmds.sty)
(/usr/local/texlive/2024/texmf-dist/tex/generic/pdftexcmds/pdftexcmds.sty
(/usr/local/texlive/2024/texmf-dist/tex/generic/infwarerr/infwarerr.sty)))
(/usr/local/texlive/2024/texmf-dist/tex/latex/hycolor/hycolor.sty)
(/usr/local/texlive/2024/texmf-dist/tex/latex/auxhook/auxhook.sty)
(/usr/local/texlive/2024/texmf-dist/tex/latex/hyperref/nameref.sty
(/usr/local/texlive/2024/texmf-dist/tex/latex/refcount/refcount.sty)
(/usr/local/texlive/2024/texmf-dist/tex/generic/gettitlestring/gettitlestring.s
ty (/usr/local/texlive/2024/texmf-dist/tex/latex/kvoptions/kvoptions.sty)))
(/usr/local/texlive/2024/texmf-dist/tex/latex/etoolbox/etoolbox.sty)
(/usr/local/texlive/2024/texmf-dist/tex/latex/hyperref/pd1enc.def)
(/usr/local/texlive/2024/texmf-dist/tex/generic/intcalc/intcalc.sty)
(/usr/local/texlive/2024/texmf-dist/tex/latex/hyperref/puenc.def)
(/usr/local/texlive/2024/texmf-dist/tex/generic/bitset/bitset.sty
(/usr/local/texlive/2024/texmf-dist/tex/generic/bigintcalc/bigintcalc.sty))
(/usr/local/texlive/2024/texmf-dist/tex/latex/base/atbegshi-ltx.sty))
(/usr/local/texlive/2024/texmf-dist/tex/latex/hyperref/hpdftex.def
(/usr/local/texlive/2024/texmf-dist/tex/latex/base/atveryend-ltx.sty)
(/usr/local/texlive/2024/texmf-dist/tex/latex/rerunfilecheck/rerunfilecheck.sty

(/usr/local/texlive/2024/texmf-dist/tex/generic/uniquecounter/uniquecounter.sty
)))) (/usr/local/texlive/2024/texmf-dist/tex/latex/base/makeidx.sty)
Writing index file Rd2.idx
(/usr/local/texlive/2024/texmf-dist/tex/latex/psnfss/t1ptm.fd)
(/usr/local/texlive/2024/texmf-dist/tex/latex/l3backend/l3backend-pdftex.def)
(/private/var/folders/gv/l5wlstr55gl_g0pgx6k47z9m0000gn/T/RtmpN4ux7w/Rd2pdfc086
1609c8e7/Rd2.aux)
(/usr/local/texlive/2024/texmf-dist/tex/context/base/mkii/supp-pdf.mkii
[Loading MPS to PDF converter (version 2006.09.02).]
)
(/private/var/folders/gv/l5wlstr55gl_g0pgx6k47z9m0000gn/T/RtmpN4ux7w/Rd2pdfc086
1609c8e7/Rd2.out)
(/private/var/folders/gv/l5wlstr55gl_g0pgx6k47z9m0000gn/T/RtmpN4ux7w/Rd2pdfc086
1609c8e7/Rd2.out)
(/usr/local/texlive/2024/texmf-dist/tex/latex/psnfss/ts1ptm.fd)
(/usr/local/texlive/2024/texmf-dist/tex/latex/inconsolata/t1zi4.fd)
(/usr/local/texlive/2024/texmf-dist/tex/latex/amsfonts/umsa.fd)
(/usr/local/texlive/2024/texmf-dist/tex/latex/amsfonts/umsb.fd)
(/usr/local/texlive/2024/texmf-dist/tex/latex/jknapltx/ursfs.fd)
(/private/var/folders/gv/l5wlstr55gl_g0pgx6k47z9m0000gn/T/RtmpN4ux7w/Rd2pdfc086
1609c8e7/Rd2.toc [1{/usr/local/texlive/2024/texmf-var/fonts/map/pdftex/updmap/p
dftex.map}{/usr/local/texlive/2024/texmf-dist/fonts/enc/dvips/base/8r.enc}{/usr
/local/texlive/2024/texmf-dist/fonts/enc/dvips/inconsolata/i4-t1-0.enc}])
[2] [3] [4] [5]
Overfull \hbox (20.33891pt too wide) in paragraph at lines 256--258
[]\T1/zi4/m/n/10 realized[]\T1/ptm/m/n/10 : []\T1/zi4/m/n/10 rmse_factor []\T1/
ptm/m/n/10 (di-men-sion-less, per sigma), []\T1/zi4/m/n/10 rmse[]\T1/ptm/m/n/10
 , and con-ser-va-tive []\T1/zi4/m/n/10 rmse_upper_factor[]\T1/ptm/m/n/10 ,

Overfull \hbox (14.18091pt too wide) in paragraph at lines 260--263
[]\T1/zi4/m/n/10 v_star[]\T1/ptm/m/n/10 , []\T1/zi4/m/n/10 rmse_exante[]\T1/ptm
/m/n/10 , []\T1/zi4/m/n/10 expected_M_accepted[]\T1/ptm/m/n/10 , and []\T1/zi4/
m/n/10 expected_draws_per_accept = 1/q_star[]\T1/ptm/m/n/10 . 
[6] [7]
Overfull \hbox (34.75021pt too wide) in paragraph at lines 397--397
 []  \T1/zi4/m/n/10 metric = c("euclidean", "sqeuclidean", "manhattan", "chebys
hev", "cosine", "minkowski",[] 

Overfull \hbox (35.26857pt too wide) in paragraph at lines 432--435
[]\T1/ptm/m/n/10 Optional in-verse co-vari-ance ma-trix (p x p) for Ma-ha-lanob
is (ig-nored if []\T1/zi4/m/n/10 approximate_inv
[8]
Overfull \hbox (54.00911pt too wide) in paragraph at lines 455--457
[]\T1/ptm/m/n/10 Character; conda en-vi-ron-ment name used by []\T1/zi4/m/n/10 
reticulate[]\T1/ptm/m/n/10 . De-fault []\T1/zi4/m/n/10 "fastrerandomize_env"[]\
T1/ptm/m/n/10 . 
[9] (/usr/local/texlive/2024/texmf-dist/tex/latex/inconsolata/ts1zi4.fd)
[10{/usr/local/texlive/2024/texmf-dist/fonts/enc/dvips/inconsolata/i4-ts1.enc}]

Overfull \hbox (5.52805pt too wide) in paragraph at lines 597--598
[]\T1/ptm/m/n/10 A string spec-i-fy-ing the type of ran-dom-iza-tion: ei-ther [
]\T1/zi4/m/n/10 "exact" []\T1/ptm/m/n/10 or []\T1/zi4/m/n/10 "monte_carlo"[]\T1
/ptm/m/n/10 . 
[11]
Overfull \hbox (19.49974pt too wide) in paragraph at lines 647--649
[][][]\T1/zi4/m/n/10 generate_randomizations_exact[][][] []\T1/ptm/m/n/10 for t
he ex-act enu-mer-a-tion method. [][][]\T1/zi4/m/n/10 generate_randomizations_m
c[][][]
[12] [13]
Overfull \hbox (0.97838pt too wide) in paragraph at lines 724--727
\T1/ptm/m/n/10 fault is []\T1/zi4/m/n/10 VectorizedFastHotel2T2 []\T1/ptm/m/n/1
0 which com-putes Hotelling's T-squared statis-

Overfull \hbox (23.53925pt too wide) in paragraph at lines 768--770
[][][]\T1/zi4/m/n/10 generate_randomizations[][][] []\T1/ptm/m/n/10 for full ra
n-dom-iza-tion gen-er-a-tion func-tion. [][][]\T1/zi4/m/n/10 generate_randomiza
tions_mc[][][]
[14]
Overfull \hbox (0.91652pt too wide) in paragraph at lines 794--797
[]\T1/ptm/m/n/10 This func-tion per-forms sam-pling with re-place-ment to gen-e
r-ate ran-dom-iza-tions in a memory-efficient
[15]
Overfull \hbox (38.53925pt too wide) in paragraph at lines 872--874
[][][]\T1/zi4/m/n/10 generate_randomizations[][][] []\T1/ptm/m/n/10 for full ra
n-dom-iza-tion gen-er-a-tion func-tion. [][][]\T1/zi4/m/n/10 generate_randomiza
tions_exact[][][]
[16] [17] [18] [19] [20] [21]
Overfull \hbox (1.14697pt too wide) in paragraph at lines 1204--1205
[]\T1/ptm/m/n/10 A log-i-cal value in-di-cat-ing whether to find the fidu-cial 
in-ter-val. De-fault is FALSE. 
[22] [23] [24]
(/private/var/folders/gv/l5wlstr55gl_g0pgx6k47z9m0000gn/T/RtmpN4ux7w/Rd2pdfc086
1609c8e7/Rd2.ind [25]
Overfull \hbox (3.3567pt too wide) in paragraph at lines 63--65
[]\T1/zi4/m/n/10 summary.fastrerandomize_randomizations\T1/ptm/m/n/10 , 
[26])
(/private/var/folders/gv/l5wlstr55gl_g0pgx6k47z9m0000gn/T/RtmpN4ux7w/Rd2pdfc086
1609c8e7/Rd2.aux) )
(see the transcript file for additional information)
pdfTeX warning (dest): name{Rfn.plot} has been referenced but does not exist, r
eplaced by a fixed one


pdfTeX warning (dest): name{Rfn.dist} has been referenced but does not exist, r
eplaced by a fixed one

</usr/local/texlive/2024/texmf-dist/fonts/type1/public/inconsolata/Inconsolata-
zi4r.pfb></usr/local/texlive/2024/texmf-dist/fonts/type1/public/amsfonts/cm/cme
x10.pfb></usr/local/texlive/2024/texmf-dist/fonts/type1/public/amsfonts/cm/cmmi
10.pfb></usr/local/texlive/2024/texmf-dist/fonts/type1/public/amsfonts/cm/cmmi5
.pfb></usr/local/texlive/2024/texmf-dist/fonts/type1/public/amsfonts/cm/cmmi7.p
fb></usr/local/texlive/2024/texmf-dist/fonts/type1/public/amsfonts/cm/cmr10.pfb
></usr/local/texlive/2024/texmf-dist/fonts/type1/public/amsfonts/cm/cmr7.pfb></
usr/local/texlive/2024/texmf-dist/fonts/type1/public/amsfonts/cm/cmsy10.pfb></u
sr/local/texlive/2024/texmf-dist/fonts/type1/public/amsfonts/cm/cmsy7.pfb></usr
/local/texlive/2024/texmf-dist/fonts/type1/public/amsfonts/symbols/msbm10.pfb><
/usr/local/texlive/2024/texmf-dist/fonts/type1/urw/times/utmb8a.pfb></usr/local
/texlive/2024/texmf-dist/fonts/type1/urw/times/utmr8a.pfb></usr/local/texlive/2
024/texmf-dist/fonts/type1/urw/times/utmr8a.pfb></usr/local/texlive/2024/texmf-
dist/fonts/type1/urw/times/utmri8a.pfb>
Output written on Rd2.pdf (26 pages, 224491 bytes).
Transcript written on Rd2.log.
Saving output to ‘fastrerandomize-manual.pdf’ ...
Done
You may want to clean up by 'rm -Rf /var/folders/gv/l5wlstr55gl_g0pgx6k47z9m0000gn/T//RtmpN4ux7w/Rd2pdfc0861609c8e7'
